INFO:root:Start WebDriver
INFO:root:Search RUC: 0968599020001
INFO:root:====================|| 2024-06-25 - 13:01:56 ||======================
INFO:root:>>>>>>>>>>>>>>>>>>>>>>>>>>>>>>>>>>>>>>
INFO:root:- Find in result from search
INFO:root:- Get DOM from page
INFO:root:- Get and save Datails
INFO:root:- Save Details
INFO:root:>>>>>>>>>>>>>>>>>>>>>>>>>>>>>>>>>>>>>>
INFO:root:- Find in result from search
INFO:root:- Get DOM from page
INFO:root:- Get and save Datails
INFO:root:- Save Details
INFO:root:>>>>>>>>>>>>>>>>>>>>>>>>>>>>>>>>>>>>>>
INFO:root:- Find in result from search
INFO:root:- Get DOM from page
INFO:root:- Get and save Datails
INFO:root:- Save Details
INFO:root:>>>>>>>>>>>>>>>>>>>>>>>>>>>>>>>>>>>>>>
INFO:root:- Find in result from search
INFO:root:- Get DOM from page
INFO:root:- Get and save Datails
INFO:root:- Save Details
INFO:root:>>>>>>>>>>>>>>>>>>>>>>>>>>>>>>>>>>>>>>
INFO:root:- Find in result from search
INFO:root:- Get DOM from page
INFO:root:- Get and save Datails
INFO:root:- Save Details
INFO:root:>>>>>>>>>>>>>>>>>>>>>>>>>>>>>>>>>>>>>>
INFO:root:- Find in result from search
INFO:root:- Get DOM from page
INFO:root:- Get and save Datails
INFO:root:- Save Details
INFO:root:>>>>>>>>>>>>>>>>>>>>>>>>>>>>>>>>>>>>>>
INFO:root:- Find in result from search
INFO:root:- Get DOM from page
INFO:root:- Get and save Datails
INFO:root:- Save Details
INFO:root:>>>>>>>>>>>>>>>>>>>>>>>>>>>>>>>>>>>>>>
INFO:root:- Find in result from search
INFO:root:- Get DOM from page
INFO:root:- Get and save Datails
INFO:root:- Save Details
INFO:root:>>>>>>>>>>>>>>>>>>>>>>>>>>>>>>>>>>>>>>
INFO:root:- Find in result from search
INFO:root:- Get DOM from page
INFO:root:- Get and save Datails
INFO:root:- Save Details
INFO:root:>>>>>>>>>>>>>>>>>>>>>>>>>>>>>>>>>>>>>>
INFO:root:- Find in result from search
INFO:root:- Get DOM from page
INFO:root:- Get and save Datails
INFO:root:- Save Details
INFO:root:====================|| 2024-06-25 - 13:06:14 ||======================
INFO:root:>>>>>>>>>>>>>>>>>>>>>>>>>>>>>>>>>>>>>>
INFO:root:- Find in result from search
INFO:root:- Get DOM from page
INFO:root:- Get and save Datails
INFO:root:- Save Details
INFO:root:Start WebDriver
INFO:root:Search RUC: 0968599020001
INFO:root:====================|| 2024-06-25 - 13:32:15 ||======================
INFO:root:>>>>>>>>>>>>>>>>>>>>>>>>>>>>>>>>>>>>>>
INFO:root:- Find in result from search
INFO:root:- Get DOM from page
INFO:root:- Get and save Datails
INFO:root:- Save Details
INFO:root:>>>>>>>>>>>>>>>>>>>>>>>>>>>>>>>>>>>>>>
INFO:root:- Find in result from search
INFO:root:- Get DOM from page
INFO:root:- Get and save Datails
INFO:root:- Save Details
INFO:root:>>>>>>>>>>>>>>>>>>>>>>>>>>>>>>>>>>>>>>
INFO:root:- Find in result from search
INFO:root:- Get DOM from page
INFO:root:- Get and save Datails
INFO:root:- Save Details
INFO:root:>>>>>>>>>>>>>>>>>>>>>>>>>>>>>>>>>>>>>>
INFO:root:- Find in result from search
INFO:root:- Get DOM from page
INFO:root:- Get and save Datails
INFO:root:- Save Details
INFO:root:>>>>>>>>>>>>>>>>>>>>>>>>>>>>>>>>>>>>>>
INFO:root:- Find in result from search
INFO:root:- Get DOM from page
INFO:root:- Get and save Datails
INFO:root:- Save Details
INFO:root:>>>>>>>>>>>>>>>>>>>>>>>>>>>>>>>>>>>>>>
INFO:root:- Find in result from search
INFO:root:- Get DOM from page
INFO:root:- Get and save Datails
INFO:root:- Save Details
INFO:root:>>>>>>>>>>>>>>>>>>>>>>>>>>>>>>>>>>>>>>
INFO:root:- Find in result from search
INFO:root:- Get DOM from page
INFO:root:- Get and save Datails
INFO:root:- Save Details
INFO:root:>>>>>>>>>>>>>>>>>>>>>>>>>>>>>>>>>>>>>>
INFO:root:- Find in result from search
INFO:root:- Get DOM from page
INFO:root:- Get and save Datails
INFO:root:- Save Details
INFO:root:>>>>>>>>>>>>>>>>>>>>>>>>>>>>>>>>>>>>>>
INFO:root:- Find in result from search
INFO:root:- Get DOM from page
INFO:root:- Get and save Datails
INFO:root:- Save Details
INFO:root:>>>>>>>>>>>>>>>>>>>>>>>>>>>>>>>>>>>>>>
INFO:root:- Find in result from search
INFO:root:- Get DOM from page
INFO:root:- Get and save Datails
INFO:root:- Save Details
INFO:root:====================|| 2024-06-25 - 13:36:31 ||======================
INFO:root:>>>>>>>>>>>>>>>>>>>>>>>>>>>>>>>>>>>>>>
INFO:root:- Find in result from search
INFO:root:- Get DOM from page
INFO:root:- Get and save Datails
INFO:root:- Save Details
INFO:root:- Get DOM from page
INFO:root:- Get and save Datails
INFO:root:- Save Details
INFO:root:>>>>>>>>>>>>>>>>>>>>>>>>>>>>>>>>>>>>>>
INFO:root:- Find in result from search
INFO:root:- Get DOM from page
INFO:root:- Get and save Datails
INFO:root:- Save Details
INFO:root:>>>>>>>>>>>>>>>>>>>>>>>>>>>>>>>>>>>>>>
INFO:root:- Find in result from search
INFO:root:- Get DOM from page
INFO:root:- Get and save Datails
INFO:root:- Save Details
INFO:root:>>>>>>>>>>>>>>>>>>>>>>>>>>>>>>>>>>>>>>
INFO:root:- Find in result from search
INFO:root:- Get DOM from page
INFO:root:- Get and save Datails
INFO:root:- Save Details
INFO:root:- Get DOM from page
INFO:root:- Get and save Datails
INFO:root:- Save Details
INFO:root:>>>>>>>>>>>>>>>>>>>>>>>>>>>>>>>>>>>>>>
INFO:root:- Find in result from search
INFO:root:- Get DOM from page
INFO:root:- Get and save Datails
INFO:root:- Save Details
INFO:root:>>>>>>>>>>>>>>>>>>>>>>>>>>>>>>>>>>>>>>
INFO:root:- Find in result from search
INFO:root:- Get DOM from page
INFO:root:- Get and save Datails
INFO:root:- Save Details
INFO:root:>>>>>>>>>>>>>>>>>>>>>>>>>>>>>>>>>>>>>>
INFO:root:- Find in result from search
INFO:root:- Get DOM from page
INFO:root:- Get and save Datails
INFO:root:- Save Details
INFO:root:>>>>>>>>>>>>>>>>>>>>>>>>>>>>>>>>>>>>>>
INFO:root:- Find in result from search
INFO:root:- Get DOM from page
INFO:root:- Get and save Datails
INFO:root:- Save Details
INFO:root:>>>>>>>>>>>>>>>>>>>>>>>>>>>>>>>>>>>>>>
INFO:root:- Find in result from search
INFO:root:- Get DOM from page
INFO:root:- Get and save Datails
INFO:root:- Save Details
INFO:root:>>>>>>>>>>>>>>>>>>>>>>>>>>>>>>>>>>>>>>
INFO:root:- Find in result from search
INFO:root:- Get DOM from page
INFO:root:- Get and save Datails
INFO:root:- Save Details
INFO:root:====================|| 2024-06-25 - 13:41:44 ||======================
INFO:root:>>>>>>>>>>>>>>>>>>>>>>>>>>>>>>>>>>>>>>
INFO:root:- Find in result from search
INFO:root:- Get DOM from page
INFO:root:- Get and save Datails
INFO:root:- Save Details
INFO:root:>>>>>>>>>>>>>>>>>>>>>>>>>>>>>>>>>>>>>>
INFO:root:- Find in result from search
INFO:root:- Get DOM from page
INFO:root:- Get and save Datails
INFO:root:- Save Details
INFO:root:>>>>>>>>>>>>>>>>>>>>>>>>>>>>>>>>>>>>>>
INFO:root:- Find in result from search
INFO:root:- Get DOM from page
INFO:root:- Get and save Datails
INFO:root:- Save Details
INFO:root:>>>>>>>>>>>>>>>>>>>>>>>>>>>>>>>>>>>>>>
INFO:root:- Find in result from search
INFO:root:- Get DOM from page
INFO:root:- Get and save Datails
INFO:root:- Save Details
INFO:root:- Get DOM from page
INFO:root:- Get and save Datails
INFO:root:- Save Details
INFO:root:>>>>>>>>>>>>>>>>>>>>>>>>>>>>>>>>>>>>>>
INFO:root:- Find in result from search
INFO:root:- Get DOM from page
INFO:root:- Get and save Datails
INFO:root:- Save Details
INFO:root:>>>>>>>>>>>>>>>>>>>>>>>>>>>>>>>>>>>>>>
INFO:root:- Find in result from search
INFO:root:- Get DOM from page
INFO:root:- Get and save Datails
INFO:root:- Save Details
INFO:root:>>>>>>>>>>>>>>>>>>>>>>>>>>>>>>>>>>>>>>
INFO:root:- Find in result from search
INFO:root:- Get DOM from page
INFO:root:- Get and save Datails
INFO:root:- Save Details
INFO:root:>>>>>>>>>>>>>>>>>>>>>>>>>>>>>>>>>>>>>>
INFO:root:- Find in result from search
INFO:root:- Get DOM from page
INFO:root:- Get and save Datails
INFO:root:- Save Details
INFO:root:>>>>>>>>>>>>>>>>>>>>>>>>>>>>>>>>>>>>>>
INFO:root:- Find in result from search
INFO:root:- Get DOM from page
INFO:root:- Get and save Datails
INFO:root:- Save Details
INFO:root:- Get DOM from page
INFO:root:- Get and save Datails
INFO:root:- Save Details
INFO:root:- Get DOM from page
INFO:root:- Get and save Datails
INFO:root:- Save Details
INFO:root:- Get DOM from page
INFO:root:- Get and save Datails
INFO:root:- Save Details
INFO:root:>>>>>>>>>>>>>>>>>>>>>>>>>>>>>>>>>>>>>>
INFO:root:- Find in result from search
INFO:root:- Get DOM from page
INFO:root:- Get and save Datails
INFO:root:- Save Details
INFO:root:- Get DOM from page
INFO:root:- Get and save Datails
INFO:root:- Save Details
INFO:root:Start WebDriver
INFO:root:Search RUC: 0992339411001
INFO:root:====================|| 2024-06-25 - 13:50:00 ||======================
INFO:root:>>>>>>>>>>>>>>>>>>>>>>>>>>>>>>>>>>>>>>
INFO:root:- Find in result from search
INFO:root:- Get DOM from page
INFO:root:- Get and save Datails
INFO:root:- Save Details
INFO:root:>>>>>>>>>>>>>>>>>>>>>>>>>>>>>>>>>>>>>>
INFO:root:- Find in result from search
INFO:root:- Get DOM from page
INFO:root:- Get and save Datails
INFO:root:- Save Details
INFO:root:>>>>>>>>>>>>>>>>>>>>>>>>>>>>>>>>>>>>>>
INFO:root:- Find in result from search
INFO:root:- Get DOM from page
INFO:root:- Get and save Datails
INFO:root:- Save Details
INFO:root:- Get DOM from page
INFO:root:- Get and save Datails
INFO:root:- Save Details
INFO:root:>>>>>>>>>>>>>>>>>>>>>>>>>>>>>>>>>>>>>>
INFO:root:- Find in result from search
INFO:root:- Get DOM from page
INFO:root:- Get and save Datails
INFO:root:- Save Details
INFO:root:- Get DOM from page
INFO:root:- Get and save Datails
INFO:root:- Save Details
INFO:root:>>>>>>>>>>>>>>>>>>>>>>>>>>>>>>>>>>>>>>
INFO:root:- Find in result from search
INFO:root:- Get DOM from page
INFO:root:- Get and save Datails
INFO:root:- Save Details
INFO:root:>>>>>>>>>>>>>>>>>>>>>>>>>>>>>>>>>>>>>>
INFO:root:- Find in result from search
INFO:root:- Get DOM from page
INFO:root:- Get and save Datails
INFO:root:- Save Details
INFO:root:>>>>>>>>>>>>>>>>>>>>>>>>>>>>>>>>>>>>>>
INFO:root:- Find in result from search
INFO:root:- Get DOM from page
INFO:root:- Get and save Datails
INFO:root:- Save Details
INFO:root:>>>>>>>>>>>>>>>>>>>>>>>>>>>>>>>>>>>>>>
INFO:root:- Find in result from search
INFO:root:- Get DOM from page
INFO:root:- Get and save Datails
INFO:root:- Save Details
INFO:root:>>>>>>>>>>>>>>>>>>>>>>>>>>>>>>>>>>>>>>
INFO:root:- Find in result from search
INFO:root:- Get DOM from page
INFO:root:- Get and save Datails
INFO:root:- Save Details
INFO:root:- Get DOM from page
INFO:root:- Get and save Datails
INFO:root:- Save Details
INFO:root:>>>>>>>>>>>>>>>>>>>>>>>>>>>>>>>>>>>>>>
INFO:root:- Find in result from search
INFO:root:- Get DOM from page
INFO:root:- Get and save Datails
INFO:root:- Save Details
INFO:root:====================|| 2024-06-25 - 13:54:59 ||======================
INFO:root:>>>>>>>>>>>>>>>>>>>>>>>>>>>>>>>>>>>>>>
INFO:root:- Find in result from search
INFO:root:- Get DOM from page
INFO:root:- Get and save Datails
INFO:root:- Save Details
INFO:root:>>>>>>>>>>>>>>>>>>>>>>>>>>>>>>>>>>>>>>
INFO:root:- Find in result from search
INFO:root:- Get DOM from page
INFO:root:- Get and save Datails
INFO:root:- Save Details
INFO:root:>>>>>>>>>>>>>>>>>>>>>>>>>>>>>>>>>>>>>>
INFO:root:- Find in result from search
INFO:root:- Get DOM from page
INFO:root:- Get and save Datails
INFO:root:- Save Details
INFO:root:- Get DOM from page
INFO:root:- Get and save Datails
INFO:root:- Save Details
INFO:root:>>>>>>>>>>>>>>>>>>>>>>>>>>>>>>>>>>>>>>
INFO:root:- Find in result from search
INFO:root:- Get DOM from page
INFO:root:- Get and save Datails
INFO:root:- Save Details
INFO:root:>>>>>>>>>>>>>>>>>>>>>>>>>>>>>>>>>>>>>>
INFO:root:- Find in result from search
INFO:root:- Get DOM from page
INFO:root:- Get and save Datails
INFO:root:- Save Details
INFO:root:>>>>>>>>>>>>>>>>>>>>>>>>>>>>>>>>>>>>>>
INFO:root:- Find in result from search
INFO:root:- Get DOM from page
INFO:root:- Get and save Datails
INFO:root:- Save Details
INFO:root:>>>>>>>>>>>>>>>>>>>>>>>>>>>>>>>>>>>>>>
INFO:root:- Find in result from search
INFO:root:- Get DOM from page
INFO:root:- Get and save Datails
INFO:root:- Save Details
INFO:root:- Get DOM from page
INFO:root:- Get and save Datails
INFO:root:- Save Details
INFO:root:>>>>>>>>>>>>>>>>>>>>>>>>>>>>>>>>>>>>>>
INFO:root:- Find in result from search
INFO:root:- Get DOM from page
INFO:root:- Get and save Datails
INFO:root:- Save Details
INFO:root:- Get DOM from page
INFO:root:- Get and save Datails
INFO:root:- Save Details
INFO:root:>>>>>>>>>>>>>>>>>>>>>>>>>>>>>>>>>>>>>>
INFO:root:- Find in result from search
INFO:root:- Get DOM from page
INFO:root:- Get and save Datails
INFO:root:- Save Details
INFO:root:>>>>>>>>>>>>>>>>>>>>>>>>>>>>>>>>>>>>>>
INFO:root:- Find in result from search
INFO:root:- Get DOM from page
INFO:root:- Get and save Datails
INFO:root:- Save Details
INFO:root:====================|| 2024-06-25 - 14:00:27 ||======================
INFO:root:>>>>>>>>>>>>>>>>>>>>>>>>>>>>>>>>>>>>>>
INFO:root:- Find in result from search
INFO:root:- Get DOM from page
INFO:root:- Get and save Datails
INFO:root:- Save Details
INFO:root:- Get DOM from page
INFO:root:- Get and save Datails
INFO:root:- Save Details
INFO:root:>>>>>>>>>>>>>>>>>>>>>>>>>>>>>>>>>>>>>>
INFO:root:- Find in result from search
INFO:root:- Get DOM from page
INFO:root:- Get and save Datails
INFO:root:- Save Details
INFO:root:>>>>>>>>>>>>>>>>>>>>>>>>>>>>>>>>>>>>>>
INFO:root:- Find in result from search
INFO:root:- Get DOM from page
INFO:root:- Get and save Datails
INFO:root:- Save Details
INFO:root:>>>>>>>>>>>>>>>>>>>>>>>>>>>>>>>>>>>>>>
INFO:root:- Find in result from search
INFO:root:- Get DOM from page
INFO:root:- Get and save Datails
INFO:root:- Save Details
INFO:root:>>>>>>>>>>>>>>>>>>>>>>>>>>>>>>>>>>>>>>
INFO:root:- Find in result from search
INFO:root:- Get DOM from page
INFO:root:- Get and save Datails
INFO:root:- Save Details
INFO:root:>>>>>>>>>>>>>>>>>>>>>>>>>>>>>>>>>>>>>>
INFO:root:- Find in result from search
INFO:root:- Get DOM from page
INFO:root:- Get and save Datails
INFO:root:- Save Details
INFO:root:- Get DOM from page
INFO:root:- Get and save Datails
INFO:root:- Save Details
INFO:root:- Get DOM from page
INFO:root:- Get and save Datails
INFO:root:- Save Details
INFO:root:>>>>>>>>>>>>>>>>>>>>>>>>>>>>>>>>>>>>>>
INFO:root:- Find in result from search
INFO:root:- Get DOM from page
INFO:root:- Get and save Datails
INFO:root:- Save Details
INFO:root:- Get DOM from page
INFO:root:- Get and save Datails
INFO:root:- Save Details
INFO:root:- Get DOM from page
INFO:root:- Get and save Datails
INFO:root:- Save Details
INFO:root:- Get DOM from page
INFO:root:- Get and save Datails
INFO:root:- Save Details
INFO:root:>>>>>>>>>>>>>>>>>>>>>>>>>>>>>>>>>>>>>>
INFO:root:- Find in result from search
INFO:root:- Get DOM from page
INFO:root:- Get and save Datails
INFO:root:- Save Details
INFO:root:- Get DOM from page
INFO:root:- Get and save Datails
INFO:root:- Save Details
INFO:root:- Get DOM from page
INFO:root:- Get and save Datails
INFO:root:- Save Details
INFO:root:- Get DOM from page
INFO:root:- Get and save Datails
INFO:root:- Save Details
INFO:root:>>>>>>>>>>>>>>>>>>>>>>>>>>>>>>>>>>>>>>
INFO:root:- Find in result from search
INFO:root:- Get DOM from page
INFO:root:- Get and save Datails
INFO:root:- Save Details
INFO:root:- Get DOM from page
INFO:root:- Get and save Datails
INFO:root:- Save Details
INFO:root:>>>>>>>>>>>>>>>>>>>>>>>>>>>>>>>>>>>>>>
INFO:root:- Find in result from search
INFO:root:- Get DOM from page
INFO:root:- Get and save Datails
INFO:root:- Save Details
INFO:root:- Get DOM from page
INFO:root:- Get and save Datails
INFO:root:- Save Details
INFO:root:- Get DOM from page
INFO:root:- Get and save Datails
INFO:root:Search RUC: 1791251237001
INFO:root:====================|| 2024-06-25 - 14:23:54 ||======================
INFO:root:>>>>>>>>>>>>>>>>>>>>>>>>>>>>>>>>>>>>>>
INFO:root:- Find in result from search
INFO:root:- Get DOM from page
INFO:root:- Get and save Datails
INFO:root:- Save Details
INFO:root:>>>>>>>>>>>>>>>>>>>>>>>>>>>>>>>>>>>>>>
INFO:root:- Find in result from search
INFO:root:- Get DOM from page
INFO:root:- Get and save Datails
INFO:root:- Save Details
INFO:root:>>>>>>>>>>>>>>>>>>>>>>>>>>>>>>>>>>>>>>
INFO:root:- Find in result from search
INFO:root:- Get DOM from page
INFO:root:- Get and save Datails
INFO:root:- Save Details
INFO:root:>>>>>>>>>>>>>>>>>>>>>>>>>>>>>>>>>>>>>>
INFO:root:- Find in result from search
INFO:root:- Get DOM from page
INFO:root:- Get and save Datails
INFO:root:- Save Details
INFO:root:>>>>>>>>>>>>>>>>>>>>>>>>>>>>>>>>>>>>>>
INFO:root:- Find in result from search
INFO:root:- Get DOM from page
INFO:root:- Get and save Datails
INFO:root:- Save Details
INFO:root:>>>>>>>>>>>>>>>>>>>>>>>>>>>>>>>>>>>>>>
INFO:root:- Find in result from search
INFO:root:- Get DOM from page
INFO:root:- Get and save Datails
INFO:root:- Save Details
INFO:root:>>>>>>>>>>>>>>>>>>>>>>>>>>>>>>>>>>>>>>
INFO:root:- Find in result from search
INFO:root:- Get DOM from page
INFO:root:- Get and save Datails
INFO:root:- Save Details
INFO:root:>>>>>>>>>>>>>>>>>>>>>>>>>>>>>>>>>>>>>>
INFO:root:- Find in result from search
INFO:root:- Get DOM from page
INFO:root:- Get and save Datails
INFO:root:- Save Details
INFO:root:>>>>>>>>>>>>>>>>>>>>>>>>>>>>>>>>>>>>>>
INFO:root:- Find in result from search
INFO:root:- Get DOM from page
INFO:root:- Get and save Datails
INFO:root:- Save Details
INFO:root:>>>>>>>>>>>>>>>>>>>>>>>>>>>>>>>>>>>>>>
INFO:root:- Find in result from search
INFO:root:- Get DOM from page
INFO:root:- Get and save Datails
INFO:root:- Save Details
INFO:root:====================|| 2024-06-25 - 14:28:15 ||======================
INFO:root:>>>>>>>>>>>>>>>>>>>>>>>>>>>>>>>>>>>>>>
INFO:root:- Find in result from search
INFO:root:- Get DOM from page
INFO:root:- Get and save Datails
INFO:root:- Save Details
INFO:root:>>>>>>>>>>>>>>>>>>>>>>>>>>>>>>>>>>>>>>
INFO:root:- Find in result from search
INFO:root:- Get DOM from page
INFO:root:- Get and save Datails
INFO:root:- Save Details
INFO:root:>>>>>>>>>>>>>>>>>>>>>>>>>>>>>>>>>>>>>>
INFO:root:- Find in result from search
INFO:root:- Get DOM from page
INFO:root:- Get and save Datails
INFO:root:- Save Details
INFO:root:- Get DOM from page
INFO:root:- Get and save Datails
INFO:root:- Save Details
INFO:root:>>>>>>>>>>>>>>>>>>>>>>>>>>>>>>>>>>>>>>
INFO:root:- Find in result from search
INFO:root:- Get DOM from page
INFO:root:- Get and save Datails
INFO:root:- Save Details
INFO:root:>>>>>>>>>>>>>>>>>>>>>>>>>>>>>>>>>>>>>>
INFO:root:- Find in result from search
INFO:root:- Get DOM from page
INFO:root:- Get and save Datails
INFO:root:- Save Details
INFO:root:>>>>>>>>>>>>>>>>>>>>>>>>>>>>>>>>>>>>>>
INFO:root:- Find in result from search
INFO:root:- Get DOM from page
INFO:root:- Get and save Datails
INFO:root:- Save Details
INFO:root:>>>>>>>>>>>>>>>>>>>>>>>>>>>>>>>>>>>>>>
INFO:root:- Find in result from search
INFO:root:- Get DOM from page
INFO:root:- Get and save Datails
INFO:root:- Save Details
INFO:root:>>>>>>>>>>>>>>>>>>>>>>>>>>>>>>>>>>>>>>
INFO:root:- Find in result from search
INFO:root:- Get DOM from page
INFO:root:- Get and save Datails
INFO:root:- Save Details
INFO:root:- Get DOM from page
INFO:root:- Get and save Datails
INFO:root:- Save Details
INFO:root:- Get DOM from page
INFO:root:- Get and save Datails
INFO:root:- Save Details
INFO:root:- Get DOM from page
INFO:root:- Get and save Datails
INFO:root:- Save Details
